<?xml version="1.0" encoding="UTF-8"?>
<testsuite name="com.codevscode.DatabaseTests" time="7.499" tests="12" errors="0" skipped="0" failures="0">
  <properties>
[...]
</properties>
  <testcase name="testFindUsersInChallenge" classname="com.codevscode.DatabaseTests" time="5.554"/>
  <testcase name="testFindUserByFid" classname="com.codevscode.DatabaseTests" time="0.192"/>
  <testcase name="testFindSolutionByUserAndChallenge" classname="com.codevscode.DatabaseTests" time="0.194"/>
  <testcase name="testFindUserByName" classname="com.codevscode.DatabaseTests" time="0.198"/>
  <testcase name="testFindChallengeById" classname="com.codevscode.DatabaseTests" time="0.129"/>
  <testcase name="testFindSolutionByUserAndProblem" classname="com.codevscode.DatabaseTests" time="0.194"/>
  <testcase name="testFindSolutionById" classname="com.codevscode.DatabaseTests" time="0.194"/>
  <testcase name="testFindChallengesByUid" classname="com.codevscode.DatabaseTests" time="0.065"/>
  <testcase name="testFindUserById" classname="com.codevscode.DatabaseTests" time="0.191"/>
  <testcase name="testFindProblemById" classname="com.codevscode.DatabaseTests" time="0.192"/>
  <testcase name="testFindResultById" classname="com.codevscode.DatabaseTests" time="0.205"/>
  <testcase name="testFindProblemBySphereEngineCode" classname="com.codevscode.DatabaseTests" time="0.191"/>
</testsuite>